[2023-12-05 17:47:35] local.INFO: PDF generated successfully for document: आरविवि मर्चेन्ट बैंकिङ्ग लिमिटेड तथा राष्ट्रिय वाणिज्य बैंक लिमिटेडको

क लिमिटेडको शाखा कार्यालयहरु मार्फत
आर्थिक वर्ष २०७५ /७९ को असार मसान्तसम्ममा हितग्राही खाता (Demat Account) खोली आफनो
धितोपत्रको कारोबार गरिरहनु भएका हितग्राही खातावालाहरुले धितोपत्र केन्द्रीय fi सेवा विनियमावली,
बमोजिम प्रत्येक आ.व. र यस भन्दा अगाडीको आ.व. को वार्षिक शुल्क बापत बुझाउनु पर्ने रकम
रु.१००/- बुझाउन वाँकी रहेमा हितग्राही खातावालाहरुले यस कम्पनीको केन्द्रीय कार्यालय टेकु, काठमाडौंमा
बा आफूलाई पायक पर्ने नजिकैको राष्ट्रिय वाणिज्य बैंक लि.को शाखाहरुमा यही मिति २०७४ आधाढ मसान्त
भित्र सम्पर्क राखी निम्न उल्लेखित खातामा वार्षिक सञ्चालन शुल्क जम्मा गरी आफनो हितग्राही खाता
सुचारु राख्नु हुन यसै सूचना मार्फत अनुरोध गर्दछौं ।
राष्ट्रिय वाणिज्य बैंक लिमिटेडमा रहेको यस कम्पनीको खाताको विवरण :

खातावालाको नाम RBB Merchant Banking Limited
खाता रहेको बैंकको नाम र शाखा राष्ट्रिय वाणिज्य बैंक लिमिटेड, टेक, काठमाडौं

१७००१००००२०८९००१

बिभिन्न विद्युतीय भुक्तानी माध्यमहरु जस्तै connect ips, fone pay, e-sewa, prabhu 0
khalti, ime pay र राष्ट्रिय वाणिज्य बैंकको २88 Smart App मार्फत समेत सञ्चालन शुल्क जम्मा
गर्न सकिने व्यहोरा जानकारीको लागि अनुरोध गः
ate: यसरी आ.व. २०७८ /७९ को असार मसान्तसम्म वार्षिक सञ्चालन शुल्क नबुझाउनु हुने हितग्राही
खातावालाहरुको सञ्चालन शुल्क नबुझाएसम्म हितग्राही खाता FREEZE हुने व्यहोरा समेत यसै सूचनाद्वारा
जानकारी गर्दछौं ।
पुनश्च:

१. राष्ट्रिय वाणिज्य बैंक लिमिटेडमा खाता रहेका हितग्राहीहरुको हकमा Standing Instruction Update
गर्नु भएका हितग्राहीहरुको सम्बन्धित बैंक खाताबाट वार्षिक नविकरण शुल्क कट्टा गरिने व्यहोरा समेत
यसै सूचना मार्फत जानकारी गर्दछौँ ।

कम्पनीको बैंक खातामा शुल्क जम्मा गर्दा हितग्राही खातावालाको नाम, थर, हितग्राही खाता नम्बर
तथा आर्थिक वर्ष अनिवार्य रुपमा उल्लेख गर्नु पर्नेछ । राष्ट्रिय वाणिज्य बैंकको RBB Smart App मार्फत
शुल्क जम्मा गर्दा हितग्राही खातावालाले RBB Smart App को Remarks मा आफूनो हितग्राही खाता
नम्बर अनिवार्य रुपमा उल्लेख गर्नुपः  
[2023-12-05 17:47:35] local.INFO: PDF saved to: C:\Users\larar\AppData\Local\Temp\pdf459F.tmp  
